
NORTH
2025-09-10 14:34:14,200 - INFO - Magnetometer X:60.90, Y:126.60, Z:-72.60, Heading:8.56
2025-09-10 14:34:14,703 - INFO - Magnetometer X:60.00, Y:128.25, Z:-72.00, Heading:3.96
2025-09-10 14:34:15,206 - INFO - Magnetometer X:60.30, Y:128.25, Z:-71.55, Heading:5.17
2025-09-10 14:34:15,710 - INFO - Magnetometer X:59.25, Y:127.20, Z:-71.70, Heading:0.99
2025-09-10 14:34:16,213 - INFO - Magnetometer X:58.65, Y:127.35, Z:-71.85, Heading:358.37
2025-09-10 14:34:16,716 - INFO - Magnetometer X:61.95, Y:126.60, Z:-73.35, Heading:13.22
2025-09-10 14:34:17,220 - INFO - Magnetometer X:60.90, Y:126.15, Z:-71.85, Heading:8.88
2025-09-10 14:34:17,722 - INFO - Magnetometer X:59.70, Y:126.90, Z:-72.30, Heading:3.03
2025-09-10 14:34:18,225 - INFO - Magnetometer X:58.80, Y:127.50, Z:-72.75, Heading:359.03
2025-09-10 14:34:18,727 - INFO - Magnetometer X:59.40, Y:126.90, Z:-72.60, Heading:1.68
2025-09-10 14:34:19,230 - INFO - Magnetometer X:58.65, Y:126.15, Z:-72.90, Heading:358.21
2025-09-10 14:34:19,734 - INFO - Magnetometer X:59.70, Y:128.10, Z:-71.10, Heading:2.77
2025-09-10 14:34:20,238 - INFO - Magnetometer X:59.40, Y:127.80, Z:-72.90, Heading:1.57
2025-09-10 14:34:20,742 - INFO - Magnetometer X:59.55, Y:126.30, Z:-73.50, Heading:2.47
2025-09-10 14:34:21,246 - INFO - Magnetometer X:59.70, Y:126.60, Z:-72.90, Heading:3.10
2025-09-10 14:34:21,751 - INFO - Magnetometer X:59.40, Y:128.85, Z:-73.65, Heading:1.46
2025-09-10 14:34:22,255 - INFO - Magnetometer X:58.65, Y:127.80, Z:-72.30, Heading:358.43
2025-09-10 14:34:22,759 - INFO - Magnetometer X:59.40, Y:128.10, Z:-72.60, Heading:1.54
2025-09-10 14:34:23,263 - INFO - Magnetometer X:55.50, Y:127.50, Z:-74.25, Heading:345.21

WEST
2025-09-10 14:34:23,767 - INFO - Magnetometer X:46.20, Y:116.85, Z:-75.90, Heading:281.89
2025-09-10 14:34:24,271 - INFO - Magnetometer X:45.45, Y:111.00, Z:-76.65, Heading:256.94
2025-09-10 14:34:24,776 - INFO - Magnetometer X:45.45, Y:110.25, Z:-76.95, Heading:253.97
2025-09-10 14:34:25,280 - INFO - Magnetometer X:45.90, Y:108.60, Z:-76.35, Heading:247.08
2025-09-10 14:34:25,784 - INFO - Magnetometer X:44.55, Y:111.60, Z:-76.50, Heading:260.01
2025-09-10 14:34:26,287 - INFO - Magnetometer X:44.55, Y:112.05, Z:-75.00, Heading:261.75
2025-09-10 14:34:26,790 - INFO - Magnetometer X:45.15, Y:114.15, Z:-75.90, Heading:270.00
2025-09-10 14:34:27,293 - INFO - Magnetometer X:45.75, Y:112.35, Z:-75.00, Heading:262.28
2025-09-10 14:34:27,795 - INFO - Magnetometer X:44.40, Y:113.40, Z:-74.85, Heading:267.06
2025-09-10 14:34:28,298 - INFO - Magnetometer X:45.30, Y:112.80, Z:-74.55, Heading:264.38
2025-09-10 14:34:28,801 - INFO - Magnetometer X:44.70, Y:112.50, Z:-76.95, Heading:263.43
2025-09-10 14:34:29,304 - INFO - Magnetometer X:45.15, Y:112.95, Z:-76.65, Heading:265.06
2025-09-10 14:34:29,806 - INFO - Magnetometer X:44.40, Y:112.50, Z:-72.90, Heading:263.56
2025-09-10 14:34:30,309 - INFO - Magnetometer X:46.05, Y:111.15, Z:-75.00, Heading:256.98
2025-09-10 14:34:30,812 - INFO - Magnetometer X:46.20, Y:112.50, Z:-74.85, Heading:262.67
2025-09-10 14:34:31,316 - INFO - Magnetometer X:53.40, Y:102.90, Z:-72.90, Heading:206.57

SOUTH
2025-09-10 14:34:31,820 - INFO - Magnetometer X:57.90, Y:100.05, Z:-70.80, Heading:184.56
2025-09-10 14:34:32,325 - INFO - Magnetometer X:58.05, Y:99.60, Z:-69.90, Heading:183.83
2025-09-10 14:34:32,829 - INFO - Magnetometer X:58.65, Y:99.75, Z:-70.80, Heading:181.49
2025-09-10 14:34:33,333 - INFO - Magnetometer X:55.80, Y:100.35, Z:-70.20, Heading:193.15
2025-09-10 14:34:33,837 - INFO - Magnetometer X:56.70, Y:101.25, Z:-71.85, Heading:190.22
2025-09-10 14:34:34,341 - INFO - Magnetometer X:56.25, Y:100.35, Z:-71.25, Heading:191.37
2025-09-10 14:34:34,845 - INFO - Magnetometer X:56.40, Y:100.05, Z:-71.85, Heading:190.55
2025-09-10 14:34:35,349 - INFO - Magnetometer X:58.50, Y:101.40, Z:-71.25, Heading:182.36
2025-09-10 14:34:35,854 - INFO - Magnetometer X:58.05, Y:101.10, Z:-69.45, Heading:184.27
2025-09-10 14:34:36,358 - INFO - Magnetometer X:57.90, Y:100.95, Z:-70.05, Heading:184.87
2025-09-10 14:34:36,862 - INFO - Magnetometer X:57.45, Y:100.05, Z:-71.55, Heading:186.37
2025-09-10 14:34:37,366 - INFO - Magnetometer X:58.20, Y:99.75, Z:-72.30, Heading:183.28
2025-09-10 14:34:37,869 - INFO - Magnetometer X:56.55, Y:100.65, Z:-70.20, Heading:190.39
2025-09-10 14:34:38,372 - INFO - Magnetometer X:54.00, Y:101.85, Z:-72.00, Heading:202.22
2025-09-10 14:34:38,875 - INFO - Magnetometer X:62.55, Y:101.10, Z:-69.90, Heading:164.88

EAST
2025-09-10 14:34:39,377 - INFO - Magnetometer X:71.55, Y:108.45, Z:-69.15, Heading:114.47
2025-09-10 14:34:39,880 - INFO - Magnetometer X:72.30, Y:112.05, Z:-69.45, Heading:98.99
2025-09-10 14:34:40,383 - INFO - Magnetometer X:74.70, Y:111.00, Z:-70.05, Heading:101.36
2025-09-10 14:34:40,886 - INFO - Magnetometer X:74.70, Y:111.45, Z:-69.30, Heading:99.77
2025-09-10 14:34:41,388 - INFO - Magnetometer X:72.30, Y:110.85, Z:-69.45, Heading:103.96
2025-09-10 14:34:41,891 - INFO - Magnetometer X:73.05, Y:110.85, Z:-69.45, Heading:103.24
2025-09-10 14:34:42,394 - INFO - Magnetometer X:73.20, Y:111.00, Z:-68.85, Heading:102.53
2025-09-10 14:34:42,898 - INFO - Magnetometer X:72.45, Y:110.55, Z:-70.05, Heading:105.01
2025-09-10 14:34:43,402 - INFO - Magnetometer X:73.20, Y:109.50, Z:-69.30, Heading:108.16
2025-09-10 14:34:43,906 - INFO - Magnetometer X:71.70, Y:109.80, Z:-70.80, Heading:108.94
2025-09-10 14:34:44,410 - INFO - Magnetometer X:72.15, Y:109.05, Z:-70.05, Heading:111.23
2025-09-10 14:34:44,914 - INFO - Magnetometer X:72.15, Y:108.30, Z:-69.60, Heading:114.02
2025-09-10 14:34:45,418 - INFO - Magnetometer X:73.05, Y:110.85, Z:-68.40, Heading:103.24
2025-09-10 14:34:45,923 - INFO - Magnetometer X:73.65, Y:110.25, Z:-69.30, Heading:104.93
2025-09-10 14:34:46,427 - INFO - Magnetometer X:72.75, Y:112.80, Z:-68.40, Heading:95.62
2025-09-10 14:34:46,931 - INFO - Magnetometer X:72.00, Y:112.35, Z:-69.90, Heading:97.90
2025-09-10 14:34:47,435 - INFO - Magnetometer X:73.80, Y:111.15, Z:-68.40, Heading:101.48
2025-09-10 14:34:47,939 - INFO - Magnetometer X:72.90, Y:113.40, Z:-70.35, Heading:93.09
2025-09-10 14:34:48,443 - INFO - Magnetometer X:73.05, Y:113.55, Z:-68.70, Heading:92.45
2025-09-10 14:34:48,948 - INFO - Magnetometer X:72.75, Y:113.10, Z:-69.45, Heading:94.37
2025-09-10 14:34:49,452 - INFO - Magnetometer X:72.90, Y:112.95, Z:-70.35, Heading:94.94
2025-09-10 14:34:49,955 - INFO - Magnetometer X:73.95, Y:112.95, Z:-69.60, Heading:94.60
2025-09-10 14:34:50,459 - INFO - Magnetometer X:74.25, Y:113.10, Z:-69.90, Heading:93.95
2025-09-10 14:34:50,962 - INFO - Magnetometer X:73.05, Y:117.45, Z:-68.70, Heading:76.76

NORTH
2025-09-10 14:34:51,465 - INFO - Magnetometer X:63.15, Y:126.15, Z:-71.10, Heading:18.97
2025-09-10 14:34:51,968 - INFO - Magnetometer X:61.20, Y:128.10, Z:-71.55, Heading:8.86
2025-09-10 14:34:52,471 - INFO - Magnetometer X:61.20, Y:127.35, Z:-71.55, Heading:9.36
2025-09-10 14:34:52,975 - INFO - Magnetometer X:61.80, Y:127.20, Z:-71.70, Heading:12.00
2025-09-10 14:34:53,478 - INFO - Magnetometer X:62.25, Y:127.95, Z:-71.70, Heading:13.15
2025-09-10 14:34:53,981 - INFO - Magnetometer X:61.95, Y:127.80, Z:-71.85, Heading:12.09
2025-09-10 14:34:54,486 - INFO - Magnetometer X:61.50, Y:127.20, Z:-71.70, Heading:10.74
2025-09-10 14:34:54,991 - INFO - Magnetometer X:63.15, Y:127.35, Z:-71.85, Heading:17.35
2025-09-10 14:34:55,496 - INFO - Magnetometer X:61.65, Y:127.35, Z:-71.85, Heading:11.25
