
NORTH
2025-09-10 14:11:24,832 - INFO - Magnetometer X:78.45, Y:109.05, Z:-78.90, Heading:345.29
2025-09-10 14:11:25,335 - INFO - Magnetometer X:77.25, Y:110.10, Z:-79.05, Heading:347.47
2025-09-10 14:11:25,838 - INFO - Magnetometer X:79.05, Y:108.90, Z:-78.60, Heading:345.31
2025-09-10 14:11:26,341 - INFO - Magnetometer X:78.30, Y:109.65, Z:-78.30, Heading:346.86
2025-09-10 14:11:26,844 - INFO - Magnetometer X:79.05, Y:110.40, Z:-79.35, Heading:349.39
2025-09-10 14:11:27,347 - INFO - Magnetometer X:78.75, Y:109.20, Z:-78.00, Heading:345.91
2025-09-10 14:11:27,850 - INFO - Magnetometer X:78.45, Y:109.05, Z:-77.40, Heading:345.29
2025-09-10 14:11:28,353 - INFO - Magnetometer X:78.15, Y:110.55, Z:-77.70, Heading:349.34
2025-09-10 14:11:28,856 - INFO - Magnetometer X:78.45, Y:111.45, Z:-78.45, Heading:352.09
2025-09-10 14:11:29,361 - INFO - Magnetometer X:77.70, Y:110.55, Z:-78.90, Heading:349.09
2025-09-10 14:11:29,865 - INFO - Magnetometer X:79.05, Y:109.20, Z:-78.60, Heading:346.12
2025-09-10 14:11:30,369 - INFO - Magnetometer X:78.45, Y:110.55, Z:-78.45, Heading:349.50
2025-09-10 14:11:30,874 - INFO - Magnetometer X:80.70, Y:112.50, Z:-77.70, Heading:355.65

WEST
2025-09-10 14:11:31,378 - INFO - Magnetometer X:79.95, Y:122.25, Z:-78.15, Heading:21.16
2025-09-10 14:11:31,882 - INFO - Magnetometer X:78.75, Y:122.55, Z:-78.30, Heading:23.07
2025-09-10 14:11:32,386 - INFO - Magnetometer X:76.05, Y:124.80, Z:-77.55, Heading:32.03
2025-09-10 14:11:32,890 - INFO - Magnetometer X:76.20, Y:124.65, Z:-78.15, Heading:31.44
2025-09-10 14:11:33,394 - INFO - Magnetometer X:77.40, Y:123.90, Z:-78.15, Heading:27.95
2025-09-10 14:11:33,899 - INFO - Magnetometer X:75.45, Y:123.45, Z:-78.45, Heading:29.52
2025-09-10 14:11:34,403 - INFO - Magnetometer X:74.55, Y:126.00, Z:-79.05, Heading:37.35
2025-09-10 14:11:34,907 - INFO - Magnetometer X:75.90, Y:125.40, Z:-80.40, Heading:33.69
2025-09-10 14:11:35,410 - INFO - Magnetometer X:76.50, Y:124.05, Z:-78.00, Heading:29.53
2025-09-10 14:11:35,913 - INFO - Magnetometer X:75.90, Y:124.20, Z:-79.20, Heading:30.78
2025-09-10 14:11:36,416 - INFO - Magnetometer X:75.30, Y:123.60, Z:-79.05, Heading:30.14
2025-09-10 14:11:36,919 - INFO - Magnetometer X:76.65, Y:124.95, Z:-78.45, Heading:31.50
2025-09-10 14:11:37,422 - INFO - Magnetometer X:75.75, Y:125.55, Z:-79.05, Heading:34.28
2025-09-10 14:11:37,925 - INFO - Magnetometer X:76.50, Y:124.50, Z:-78.60, Heading:30.64
2025-09-10 14:11:38,427 - INFO - Magnetometer X:75.15, Y:123.45, Z:-78.45, Heading:29.97
2025-09-10 14:11:38,930 - INFO - Magnetometer X:75.00, Y:124.50, Z:-77.55, Heading:32.94
2025-09-10 14:11:39,433 - INFO - Magnetometer X:74.55, Y:125.25, Z:-79.35, Heading:35.56
2025-09-10 14:11:39,936 - INFO - Magnetometer X:75.15, Y:125.85, Z:-79.20, Heading:35.96
2025-09-10 14:11:40,439 - INFO - Magnetometer X:75.90, Y:125.40, Z:-78.45, Heading:33.69
2025-09-10 14:11:40,944 - INFO - Magnetometer X:76.50, Y:126.00, Z:-78.60, Heading:34.14
2025-09-10 14:11:41,448 - INFO - Magnetometer X:74.40, Y:125.40, Z:-78.90, Heading:36.19
2025-09-10 14:11:41,952 - INFO - Magnetometer X:63.90, Y:125.85, Z:-79.65, Heading:67.38

SOUTH
2025-09-10 14:11:42,457 - INFO - Magnetometer X:60.30, Y:118.95, Z:-79.05, Heading:75.12
2025-09-10 14:11:42,961 - INFO - Magnetometer X:59.40, Y:117.60, Z:-78.45, Heading:83.80
2025-09-10 14:11:43,465 - INFO - Magnetometer X:58.95, Y:117.60, Z:-78.45, Heading:91.25
2025-09-10 14:11:43,969 - INFO - Magnetometer X:58.05, Y:118.65, Z:-78.60, Heading:102.23
2025-09-10 14:11:44,473 - INFO - Magnetometer X:59.25, Y:117.45, Z:-79.80, Heading:86.10
2025-09-10 14:11:44,978 - INFO - Magnetometer X:59.55, Y:117.45, Z:-79.80, Heading:80.96
2025-09-10 14:11:45,482 - INFO - Magnetometer X:59.55, Y:118.20, Z:-80.55, Heading:82.61
2025-09-10 14:11:45,986 - INFO - Magnetometer X:58.65, Y:117.60, Z:-78.90, Heading:96.20
2025-09-10 14:11:46,490 - INFO - Magnetometer X:60.00, Y:117.75, Z:-77.55, Heading:74.85
2025-09-10 14:11:46,993 - INFO - Magnetometer X:59.40, Y:118.05, Z:-78.90, Heading:84.51
2025-09-10 14:11:47,496 - INFO - Magnetometer X:58.20, Y:117.30, Z:-78.90, Heading:104.68
2025-09-10 14:11:47,999 - INFO - Magnetometer X:58.80, Y:119.70, Z:-79.35, Heading:92.32
2025-09-10 14:11:48,502 - INFO - Magnetometer X:59.40, Y:116.85, Z:-78.45, Heading:82.09
2025-09-10 14:11:49,005 - INFO - Magnetometer X:59.55, Y:114.75, Z:-79.80, Heading:48.81

EAST
2025-09-10 14:11:49,508 - INFO - Magnetometer X:66.00, Y:105.30, Z:-78.00, Heading:308.24
2025-09-10 14:11:50,011 - INFO - Magnetometer X:69.15, Y:104.85, Z:-78.15, Heading:317.43
2025-09-10 14:11:50,513 - INFO - Magnetometer X:66.90, Y:105.15, Z:-79.20, Heading:311.19
2025-09-10 14:11:51,016 - INFO - Magnetometer X:65.25, Y:106.50, Z:-77.25, Heading:309.14
2025-09-10 14:11:51,519 - INFO - Magnetometer X:67.05, Y:104.55, Z:-79.05, Heading:309.89
2025-09-10 14:11:52,023 - INFO - Magnetometer X:67.05, Y:106.20, Z:-79.35, Heading:315.27
2025-09-10 14:11:52,527 - INFO - Magnetometer X:66.90, Y:106.20, Z:-79.35, Heading:314.73
2025-09-10 14:11:53,031 - INFO - Magnetometer X:66.45, Y:105.15, Z:-78.90, Heading:309.52
2025-09-10 14:11:53,535 - INFO - Magnetometer X:67.05, Y:105.75, Z:-78.00, Heading:313.69
2025-09-10 14:11:54,040 - INFO - Magnetometer X:67.50, Y:104.25, Z:-79.35, Heading:310.57
2025-09-10 14:11:54,544 - INFO - Magnetometer X:68.55, Y:105.00, Z:-79.05, Heading:316.15
2025-09-10 14:11:55,048 - INFO - Magnetometer X:68.25, Y:105.30, Z:-79.35, Heading:316.19
2025-09-10 14:11:55,553 - INFO - Magnetometer X:69.75, Y:106.20, Z:-79.35, Heading:323.45

NORTH
2025-09-10 14:11:56,057 - INFO - Magnetometer X:81.45, Y:112.20, Z:-80.40, Heading:355.03
2025-09-10 14:11:56,561 - INFO - Magnetometer X:80.55, Y:113.10, Z:-79.35, Heading:357.21
2025-09-10 14:11:57,065 - INFO - Magnetometer X:79.65, Y:112.95, Z:-77.70, Heading:356.67
2025-09-10 14:11:57,569 - INFO - Magnetometer X:79.50, Y:112.35, Z:-79.05, Heading:354.98
2025-09-10 14:11:58,074 - INFO - Magnetometer X:81.15, Y:112.20, Z:-79.65, Heading:354.96
2025-09-10 14:11:58,577 - INFO - Magnetometer X:79.20, Y:112.20, Z:-79.65, Heading:354.48
2025-09-10 14:11:59,080 - INFO - Magnetometer X:81.30, Y:111.60, Z:-79.05, Heading:353.47
2025-09-10 14:11:59,583 - INFO - Magnetometer X:79.65, Y:110.55, Z:-78.90, Heading:350.10
2025-09-10 14:12:00,085 - INFO - Magnetometer X:80.55, Y:113.10, Z:-78.30, Heading:357.21
